<--------Evaluating Full Original Model-------------->


Original Model Inference Completed

Original Model Outputs: [array([[[[[-6.7359797e-04,  1.0503260e-03,  9.7139037e-01,
            9.2575513e-04,  3.0719906e-01, -6.1405357e-04],
          [ 1.0270854e-02,  3.4627173e-04,  9.5999682e-01,
            9.7560706e-03,  2.9796287e-01,  9.7814398e-03],
          [ 1.7554641e-02,  4.6069178e-04,  9.6602607e-01,
            1.7489353e-02,  3.0120695e-01,  2.4397653e-03],
          ...,
          [ 2.5308654e-02,  1.9773261e-01,  4.0797770e-01,
            7.4099940e-01, -1.7142174e-01,  3.2734077e-02],
          [ 8.4789395e-03,  2.0374076e-01,  4.2011300e-01,
            7.4744195e-01, -1.6678524e-01,  2.1403493e-02],
          [ 8.4747970e-03,  2.0328824e-01,  4.1390553e-01,
            7.2425371e-01, -1.6384563e-01,  2.7045608e-02]],

         [[ 4.9995078e-04,  7.3188555e-04,  9.7799730e-01,
            4.7891284e-04,  3.5600975e-01,  1.9332663e-04],
          [ 1.0855388e-02,  5.1081847e-06,  9.7021282e-01,
            7.6485043e-03,  3.5102788e-01,  4.9407352e-03],
          [ 2.0670911e-02,  5.3931779e-04,  9.7305584e-01,
            1.3461316e-02,  3.5017803e-01,  7.0935111e-03],
          ...,
          [ 2.4702922e-01,  2.3160315e-01,  4.2644376e-01,
            7.7801639e-01, -9.8873347e-02,  9.7946703e-02],
          [ 2.4257880e-01,  2.3501611e-01,  4.3540987e-01,
            7.8000265e-01, -9.9515408e-02,  9.2593692e-02],
          [ 2.4025196e-01,  2.3635982e-01,  4.2920762e-01,
            7.7045190e-01, -1.0827455e-01,  8.8511266e-02]],

         [[ 2.4820762e-04,  4.2657155e-04,  9.7788608e-01,
            4.3978752e-04,  4.1025311e-01, -1.4719279e-05],
          [ 1.1583197e-02,  2.9554644e-06,  9.7126818e-01,
            7.5219320e-03,  4.0614876e-01,  3.8602650e-03],
          [ 2.2257399e-02,  2.5359905e-04,  9.7273839e-01,
            1.3567753e-02,  4.0540260e-01,  7.7606677e-03],
          ...,
          [ 4.7055337e-01,  2.3434031e-01,  3.9599141e-01,
            8.5613048e-01,  3.3385202e-02,  1.5196940e-01],
          [ 4.7323552e-01,  2.3799022e-01,  4.0425915e-01,
            8.5670513e-01,  3.1404123e-02,  1.4811361e-01],
          [ 4.7350740e-01,  2.4041721e-01,  3.9882416e-01,
            8.5446328e-01,  2.8174281e-02,  1.4400852e-01]],

         [[-4.2131192e-05,  3.3171684e-04,  9.7815502e-01,
            6.6557201e-05,  5.2566922e-01, -6.4172811e-05],
          [ 1.2984076e-02,  5.3420122e-04,  9.7349334e-01,
            6.1784228e-03,  5.2108729e-01,  4.1836323e-03],
          [ 2.5090005e-02,  2.4781446e-04,  9.7366703e-01,
            1.0384563e-02,  5.1845026e-01,  8.3458321e-03],
          ...,
          [ 6.4081299e-01,  2.6648739e-01,  3.0662271e-01,
            1.0103767e+00,  6.3019462e-02,  2.0013702e-01],
          [ 6.4544404e-01,  2.7013633e-01,  3.0988735e-01,
            1.0095621e+00,  6.0813390e-02,  1.9667824e-01],
          [ 6.4787591e-01,  2.7403462e-01,  3.0573812e-01,
            1.0174191e+00,  5.5084191e-02,  1.9238232e-01]],

         [[-2.6480932e-04,  2.5005473e-04,  9.7592199e-01,
            2.6863185e-04,  6.3843560e-01, -3.4489777e-04],
          [ 1.4347156e-02,  7.2436384e-04,  9.6369028e-01,
            8.3131874e-03,  6.3137621e-01,  4.1560326e-03],
          [ 2.7822023e-02,  1.8998646e-04,  9.6658921e-01,
            1.1611462e-02,  6.2824452e-01,  8.1471745e-03],
          ...,
          [ 8.3048201e-01,  2.9283568e-01,  1.3833039e-01,
            1.2615067e+00,  1.1387926e-01,  2.4244927e-01],
          [ 8.3974969e-01,  2.9715484e-01,  1.3425270e-01,
            1.2522856e+00,  1.1189533e-01,  2.3974515e-01],
          [ 8.4569049e-01,  3.0205724e-01,  1.3216633e-01,
            1.2837971e+00,  1.0390710e-01,  2.3582155e-01]],

         [[ 3.1163232e-04, -3.6449477e-04,  9.9562216e-01,
           -2.2037379e-03,  6.2523317e-01, -1.6475683e-03],
          [ 1.3467371e-02,  2.5834178e-04,  9.8327565e-01,
            9.5354961e-03,  6.2830031e-01,  1.4978754e-03],
          [ 2.6189433e-02, -2.7020246e-04,  9.8487926e-01,
            3.9376207e-03,  6.3245130e-01,  5.2584540e-03],
          ...,
          [ 9.4432300e-01,  1.9499297e-01,  2.2616382e-01,
            1.2722658e+00,  2.4439940e-01,  2.5283617e-01],
          [ 9.5408225e-01,  1.9639668e-01,  2.1502881e-01,
            1.2684841e+00,  2.4061914e-01,  2.4790208e-01],
          [ 9.6679664e-01,  1.9951265e-01,  2.0827201e-01,
            1.3210924e+00,  2.3668152e-01,  2.4699493e-01]]]]],
      shape=(1, 1, 6, 88, 6), dtype=float32), array([[[-3.6434784, -0.3275838,  3.0045223,  8.533997 , -3.034564 ,
         -4.031079 ]]], dtype=float32)]


<--------Evaluating Full Modified Model-------------->


MOdified  Model Inference Completed

Modified  Model Outputs: [array([[[[[-6.7359797e-04,  1.0503260e-03,  9.7139037e-01,
            9.2575513e-04,  3.0719906e-01, -6.1405357e-04],
          [ 1.0270854e-02,  3.4627173e-04,  9.5999682e-01,
            9.7560706e-03,  2.9796287e-01,  9.7814398e-03],
          [ 1.7554641e-02,  4.6069178e-04,  9.6602607e-01,
            1.7489353e-02,  3.0120695e-01,  2.4397653e-03],
          ...,
          [ 2.5308654e-02,  1.9773261e-01,  4.0797770e-01,
            7.4099940e-01, -1.7142174e-01,  3.2734077e-02],
          [ 8.4789395e-03,  2.0374076e-01,  4.2011300e-01,
            7.4744195e-01, -1.6678524e-01,  2.1403493e-02],
          [ 8.4747970e-03,  2.0328824e-01,  4.1390553e-01,
            7.2425371e-01, -1.6384563e-01,  2.7045608e-02]],

         [[ 4.9995078e-04,  7.3188555e-04,  9.7799730e-01,
            4.7891284e-04,  3.5600975e-01,  1.9332663e-04],
          [ 1.0855388e-02,  5.1081847e-06,  9.7021282e-01,
            7.6485043e-03,  3.5102788e-01,  4.9407352e-03],
          [ 2.0670911e-02,  5.3931779e-04,  9.7305584e-01,
            1.3461316e-02,  3.5017803e-01,  7.0935111e-03],
          ...,
          [ 2.4702922e-01,  2.3160315e-01,  4.2644376e-01,
            7.7801639e-01, -9.8873347e-02,  9.7946703e-02],
          [ 2.4257880e-01,  2.3501611e-01,  4.3540987e-01,
            7.8000265e-01, -9.9515408e-02,  9.2593692e-02],
          [ 2.4025196e-01,  2.3635982e-01,  4.2920762e-01,
            7.7045190e-01, -1.0827455e-01,  8.8511266e-02]],

         [[ 2.4820762e-04,  4.2657155e-04,  9.7788608e-01,
            4.3978752e-04,  4.1025311e-01, -1.4719279e-05],
          [ 1.1583197e-02,  2.9554644e-06,  9.7126818e-01,
            7.5219320e-03,  4.0614876e-01,  3.8602650e-03],
          [ 2.2257399e-02,  2.5359905e-04,  9.7273839e-01,
            1.3567753e-02,  4.0540260e-01,  7.7606677e-03],
          ...,
          [ 4.7055337e-01,  2.3434031e-01,  3.9599141e-01,
            8.5613048e-01,  3.3385202e-02,  1.5196940e-01],
          [ 4.7323552e-01,  2.3799022e-01,  4.0425915e-01,
            8.5670513e-01,  3.1404123e-02,  1.4811361e-01],
          [ 4.7350740e-01,  2.4041721e-01,  3.9882416e-01,
            8.5446328e-01,  2.8174281e-02,  1.4400852e-01]],

         [[-4.2131192e-05,  3.3171684e-04,  9.7815502e-01,
            6.6557201e-05,  5.2566922e-01, -6.4172811e-05],
          [ 1.2984076e-02,  5.3420122e-04,  9.7349334e-01,
            6.1784228e-03,  5.2108729e-01,  4.1836323e-03],
          [ 2.5090005e-02,  2.4781446e-04,  9.7366703e-01,
            1.0384563e-02,  5.1845026e-01,  8.3458321e-03],
          ...,
          [ 6.4081299e-01,  2.6648739e-01,  3.0662271e-01,
            1.0103767e+00,  6.3019462e-02,  2.0013702e-01],
          [ 6.4544404e-01,  2.7013633e-01,  3.0988735e-01,
            1.0095621e+00,  6.0813390e-02,  1.9667824e-01],
          [ 6.4787591e-01,  2.7403462e-01,  3.0573812e-01,
            1.0174191e+00,  5.5084191e-02,  1.9238232e-01]],

         [[-2.6480932e-04,  2.5005473e-04,  9.7592199e-01,
            2.6863185e-04,  6.3843560e-01, -3.4489777e-04],
          [ 1.4347156e-02,  7.2436384e-04,  9.6369028e-01,
            8.3131874e-03,  6.3137621e-01,  4.1560326e-03],
          [ 2.7822023e-02,  1.8998646e-04,  9.6658921e-01,
            1.1611462e-02,  6.2824452e-01,  8.1471745e-03],
          ...,
          [ 8.3048201e-01,  2.9283568e-01,  1.3833039e-01,
            1.2615067e+00,  1.1387926e-01,  2.4244927e-01],
          [ 8.3974969e-01,  2.9715484e-01,  1.3425270e-01,
            1.2522856e+00,  1.1189533e-01,  2.3974515e-01],
          [ 8.4569049e-01,  3.0205724e-01,  1.3216633e-01,
            1.2837971e+00,  1.0390710e-01,  2.3582155e-01]],

         [[ 3.1163232e-04, -3.6449477e-04,  9.9562216e-01,
           -2.2037379e-03,  6.2523317e-01, -1.6475683e-03],
          [ 1.3467371e-02,  2.5834178e-04,  9.8327565e-01,
            9.5354961e-03,  6.2830031e-01,  1.4978754e-03],
          [ 2.6189433e-02, -2.7020246e-04,  9.8487926e-01,
            3.9376207e-03,  6.3245130e-01,  5.2584540e-03],
          ...,
          [ 9.4432300e-01,  1.9499297e-01,  2.2616382e-01,
            1.2722658e+00,  2.4439940e-01,  2.5283617e-01],
          [ 9.5408225e-01,  1.9639668e-01,  2.1502881e-01,
            1.2684841e+00,  2.4061914e-01,  2.4790208e-01],
          [ 9.6679664e-01,  1.9951265e-01,  2.0827201e-01,
            1.3210924e+00,  2.3668152e-01,  2.4699493e-01]]]]],
      shape=(1, 1, 6, 88, 6), dtype=float32), array([[[-3.6434784, -0.3275838,  3.0045223,  8.533997 , -3.034564 ,
         -4.031079 ]]], dtype=float32)]



<------------- Comparison of MSE -------->


MSE between Trajectories: 0.0
MSE between Scores: 0.0
Comparison Completed.
